Arguments: 
  C:\Program Files (x86)\nodejs\node.exe C:\Users\yemoumou\AppData\Roaming\npm\node_modules\yarn\bin\yarn.js install

PATH: 
  C:\Users\yemoumou\AppData\Local\npm-cache\_npx\efeac22998af9bf2\node_modules\.bin;C:\Users\yemoumou\nameoftheproject\node_modules\.bin;C:\Users\yemoumou\node_modules\.bin;C:\Users\node_modules\.bin;C:\node_modules\.bin;C:\Program Files (x86)\nodejs\node_modules\npm\node_modules\@npmcli\run-script\lib\node-gyp-bin;D:\VM\bin\;C:\Windows\system32;C:\Windows;C:\Windows\System32\Wbem;C:\Windows\System32\WindowsPowerShell\v1.0\;C:\Windows\System32\OpenSSH\;C:\Program Files (x86)\nodejs\;C:\Program Files\dotnet\;C:\Users\yemoumou\AppData\Local\Microsoft\WindowsApps;C:\Users\yemoumou\AppData\Roaming\npm;C:\Users\yemoumou\AppData\Local\Programs\Microsoft VS Code\bin;C:\Users\yemoumou\.dotnet\tools

Yarn version: 
  1.22.19

Node version: 
  16.18.0

Platform: 
  win32 ia32

Trace: 
  Error: https://registry.yarnpkg.com/next/-/next-13.0.2.tgz: ESOCKETTIMEDOUT
      at ClientRequest.<anonymous> (C:\Users\yemoumou\AppData\Roaming\npm\node_modules\yarn\lib\cli.js:141517:19)
      at Object.onceWrapper (node:events:627:28)
      at ClientRequest.emit (node:events:513:28)
      at TLSSocket.emitRequestTimeout (node:_http_client:839:9)
      at Object.onceWrapper (node:events:627:28)
      at TLSSocket.emit (node:events:525:35)
      at TLSSocket.Socket._onTimeout (node:net:550:8)
      at listOnTimeout (node:internal/timers:559:17)
      at processTimers (node:internal/timers:502:7)

npm manifest: 
  {
    "private": true,
    "scripts": {
      "dev": "next dev",
      "build": "next build",
      "start": "next start"
    },
    "dependencies": {
      "next": "latest",
      "react": "18.2.0",
      "react-dom": "18.2.0"
    },
    "devDependencies": {
      "@types/node": "18.11.3",
      "@types/react": "18.0.21",
      "@types/react-dom": "18.0.6",
      "autoprefixer": "^10.4.12",
      "postcss": "^8.4.18",
      "tailwindcss": "^3.2.1",
      "typescript": "4.8.4"
    }
  }

yarn manifest: 
  No manifest

Lockfile: 
  No lockfile
